<?xml version="1.0" encoding="UTF-8"?>
<!-- Generated by org.testng.reporters.JUnitReportReporter -->
<testsuite hostname="DESKTOP-K785SVP" failures="0" tests="2" name="tests.ManagerTest" time="14.499" errors="0" timestamp="2022-06-13T01:04:55 EDT" skipped="0">
  <testcase classname="tests.ManagerTest" name="testAddCustomer" time="4.857"/>
  <system-out/>
  <testcase classname="tests.ManagerTest" name="testViewCustomers" time="9.642"/>
  <system-out/>
</testsuite> <!-- tests.ManagerTest -->
