<?xml version="1.0" encoding="UTF-8"?>
<!-- Generated by org.testng.reporters.JUnitReportReporter -->
<testsuite hostname="DESKTOP-K785SVP" failures="0" tests="3" name="tests.LoginTest" time="24.701" errors="0" timestamp="2022-06-13T01:04:55 EDT" skipped="0">
  <testcase classname="tests.LoginTest" name="testManagerLogin" time="9.545"/>
  <system-out/>
  <testcase classname="tests.LoginTest" name="testCustomerLogin" time="10.637"/>
  <system-out/>
  <testcase classname="tests.LoginTest" name="testLoginPageTitle" time="4.519"/>
  <system-out/>
</testsuite> <!-- tests.LoginTest -->
