<?xml version="1.0" encoding="UTF-8"?>
<!-- Generated by org.testng.reporters.JUnitReportReporter -->
<testsuite hostname="DESKTOP-K785SVP" failures="0" tests="3" name="tests.CustomerTest" time="33.475" errors="0" timestamp="2022-06-13T01:04:55 EDT" skipped="0">
  <testcase classname="tests.CustomerTest" name="testCustomerCanWithdraw" time="12.319"/>
  <system-out/>
  <testcase classname="tests.CustomerTest" name="testCustomerCanMakeDeposit" time="10.833"/>
  <system-out/>
  <testcase classname="tests.CustomerTest" name="testCustomerViewTransactions" time="10.323"/>
  <system-out/>
</testsuite> <!-- tests.CustomerTest -->
